{"timestamp":"2026-03-30T13:57:54.318603Z","level":"info","event":"DAG bundles loaded: dags-folder","logger":"airflow.dag_processing.bundles.manager.DagBundlesManager","filename":"manager.py","lineno":179}
{"timestamp":"2026-03-30T13:57:54.322288Z","level":"info","event":"Filling up the DagBag from /opt/airflow/dags/extract.py","logger":"airflow.models.dagbag.DagBag","filename":"dagbag.py","lineno":593}
{"timestamp":"2026-03-30T13:57:56.383485Z","level":"info","event":"AWS Connection (conn_id='source_conn', conn_type='aws') credentials retrieved from login and password.","logger":"airflow.providers.amazon.aws.utils.connection_wrapper.AwsConnectionWrapper","filename":"connection_wrapper.py","lineno":331}
{"timestamp":"2026-03-30T13:58:00.029706Z","level":"info","event":"AWS Connection (conn_id='dest_conn', conn_type='aws') credentials retrieved from login and password.","logger":"airflow.providers.amazon.aws.utils.connection_wrapper.AwsConnectionWrapper","filename":"connection_wrapper.py","lineno":331}
{"timestamp":"2026-03-30T13:58:04.998736Z","level":"info","event":"inventory/inventory_2026-03-10.parquet already exists.","logger":"task.stdout"}
{"timestamp":"2026-03-30T13:58:05.408087Z","level":"info","event":"inventory/inventory_2026-03-11.parquet already exists.","logger":"task.stdout"}
{"timestamp":"2026-03-30T13:58:05.922111Z","level":"info","event":"inventory/inventory_2026-03-12.parquet already exists.","logger":"task.stdout"}
{"timestamp":"2026-03-30T13:58:06.271358Z","level":"info","event":"inventory/inventory_2026-03-13.parquet already exists.","logger":"task.stdout"}
{"timestamp":"2026-03-30T13:58:06.639311Z","level":"info","event":"inventory/inventory_2026-03-14.parquet already exists.","logger":"task.stdout"}
{"timestamp":"2026-03-30T13:58:07.047625Z","level":"info","event":"inventory/inventory_2026-03-15.parquet already exists.","logger":"task.stdout"}
{"timestamp":"2026-03-30T13:58:07.459513Z","level":"info","event":"inventory/inventory_2026-03-16.parquet already exists.","logger":"task.stdout"}
{"timestamp":"2026-03-30T13:58:07.866993Z","level":"info","event":"products/products.parquet already exists.","logger":"task.stdout"}
{"timestamp":"2026-03-30T13:58:08.272821Z","level":"info","event":"shipments/shipments_2026-03-10.parquet already exists.","logger":"task.stdout"}
{"timestamp":"2026-03-30T13:58:08.549133Z","level":"info","event":"shipments/shipments_2026-03-11.parquet already exists.","logger":"task.stdout"}
{"timestamp":"2026-03-30T13:58:08.892742Z","level":"info","event":"shipments/shipments_2026-03-12.parquet already exists.","logger":"task.stdout"}
{"timestamp":"2026-03-30T13:58:09.172979Z","level":"info","event":"shipments/shipments_2026-03-13.parquet already exists.","logger":"task.stdout"}
{"timestamp":"2026-03-30T13:58:09.507076Z","level":"info","event":"shipments/shipments_2026-03-14.parquet already exists.","logger":"task.stdout"}
{"timestamp":"2026-03-30T13:58:09.916151Z","level":"info","event":"shipments/shipments_2026-03-15.parquet already exists.","logger":"task.stdout"}
{"timestamp":"2026-03-30T13:58:10.325255Z","level":"info","event":"shipments/shipments_2026-03-16.parquet already exists.","logger":"task.stdout"}
{"timestamp":"2026-03-30T13:58:10.733639Z","level":"info","event":"suppliers/suppliers.parquet already exists.","logger":"task.stdout"}
{"timestamp":"2026-03-30T13:58:11.143357Z","level":"info","event":"warehouses/warehouses.parquet already exists.","logger":"task.stdout"}
{"timestamp":"2026-03-30T13:58:11.148380Z","level":"info","event":"Done. Returned value was: None","logger":"airflow.task.operators.airflow.providers.standard.operators.python.PythonOperator","filename":"python.py","lineno":215}
