{"timestamp":"2026-03-30T13:58:10.934290Z","level":"info","event":"DAG bundles loaded: dags-folder","logger":"airflow.dag_processing.bundles.manager.DagBundlesManager","filename":"manager.py","lineno":179}
{"timestamp":"2026-03-30T13:58:10.937111Z","level":"info","event":"Filling up the DagBag from /opt/airflow/dags/extract.py","logger":"airflow.models.dagbag.DagBag","filename":"dagbag.py","lineno":593}
{"timestamp":"2026-03-30T13:58:12.340896Z","level":"info","event":"AWS Connection (conn_id='source_conn', conn_type='aws') credentials retrieved from login and password.","logger":"airflow.providers.amazon.aws.utils.connection_wrapper.AwsConnectionWrapper","filename":"connection_wrapper.py","lineno":331}
{"timestamp":"2026-03-30T13:58:15.104784Z","level":"info","event":"AWS Connection (conn_id='dest_conn', conn_type='aws') credentials retrieved from login and password.","logger":"airflow.providers.amazon.aws.utils.connection_wrapper.AwsConnectionWrapper","filename":"connection_wrapper.py","lineno":331}
{"timestamp":"2026-03-30T13:58:19.822426Z","level":"info","event":"inventory/inventory_2026-03-10.parquet already exists.","logger":"task.stdout"}
{"timestamp":"2026-03-30T13:58:20.156231Z","level":"info","event":"inventory/inventory_2026-03-11.parquet already exists.","logger":"task.stdout"}
{"timestamp":"2026-03-30T13:58:20.474204Z","level":"info","event":"inventory/inventory_2026-03-12.parquet already exists.","logger":"task.stdout"}
{"timestamp":"2026-03-30T13:58:20.873773Z","level":"info","event":"inventory/inventory_2026-03-13.parquet already exists.","logger":"task.stdout"}
{"timestamp":"2026-03-30T13:58:21.156141Z","level":"info","event":"inventory/inventory_2026-03-14.parquet already exists.","logger":"task.stdout"}
{"timestamp":"2026-03-30T13:58:21.435792Z","level":"info","event":"inventory/inventory_2026-03-15.parquet already exists.","logger":"task.stdout"}
{"timestamp":"2026-03-30T13:58:21.791824Z","level":"info","event":"inventory/inventory_2026-03-16.parquet already exists.","logger":"task.stdout"}
{"timestamp":"2026-03-30T13:58:22.063737Z","level":"info","event":"products/products.parquet already exists.","logger":"task.stdout"}
{"timestamp":"2026-03-30T13:58:22.386033Z","level":"info","event":"shipments/shipments_2026-03-10.parquet already exists.","logger":"task.stdout"}
{"timestamp":"2026-03-30T13:58:22.690984Z","level":"info","event":"shipments/shipments_2026-03-11.parquet already exists.","logger":"task.stdout"}
{"timestamp":"2026-03-30T13:58:22.951323Z","level":"info","event":"shipments/shipments_2026-03-12.parquet already exists.","logger":"task.stdout"}
{"timestamp":"2026-03-30T13:58:23.329436Z","level":"info","event":"shipments/shipments_2026-03-13.parquet already exists.","logger":"task.stdout"}
{"timestamp":"2026-03-30T13:58:23.737401Z","level":"info","event":"shipments/shipments_2026-03-14.parquet already exists.","logger":"task.stdout"}
{"timestamp":"2026-03-30T13:58:24.149479Z","level":"info","event":"shipments/shipments_2026-03-15.parquet already exists.","logger":"task.stdout"}
{"timestamp":"2026-03-30T13:58:24.456481Z","level":"info","event":"shipments/shipments_2026-03-16.parquet already exists.","logger":"task.stdout"}
{"timestamp":"2026-03-30T13:58:24.743705Z","level":"info","event":"suppliers/suppliers.parquet already exists.","logger":"task.stdout"}
{"timestamp":"2026-03-30T13:58:25.068242Z","level":"info","event":"warehouses/warehouses.parquet already exists.","logger":"task.stdout"}
{"timestamp":"2026-03-30T13:58:25.076750Z","level":"info","event":"Done. Returned value was: None","logger":"airflow.task.operators.airflow.providers.standard.operators.python.PythonOperator","filename":"python.py","lineno":215}
