{"timestamp":"2026-03-30T13:58:10.917792Z","level":"info","event":"DAG bundles loaded: dags-folder","logger":"airflow.dag_processing.bundles.manager.DagBundlesManager","filename":"manager.py","lineno":179}
{"timestamp":"2026-03-30T13:58:10.920036Z","level":"info","event":"Filling up the DagBag from /opt/airflow/dags/extract.py","logger":"airflow.models.dagbag.DagBag","filename":"dagbag.py","lineno":593}
{"timestamp":"2026-03-30T13:58:12.426839Z","level":"info","event":"AWS Connection (conn_id='source_conn', conn_type='aws') credentials retrieved from login and password.","logger":"airflow.providers.amazon.aws.utils.connection_wrapper.AwsConnectionWrapper","filename":"connection_wrapper.py","lineno":331}
{"timestamp":"2026-03-30T13:58:15.602941Z","level":"info","event":"AWS Connection (conn_id='dest_conn', conn_type='aws') credentials retrieved from login and password.","logger":"airflow.providers.amazon.aws.utils.connection_wrapper.AwsConnectionWrapper","filename":"connection_wrapper.py","lineno":331}
{"timestamp":"2026-03-30T13:58:19.233730Z","level":"info","event":"inventory/inventory_2026-03-10.parquet already exists.","logger":"task.stdout"}
{"timestamp":"2026-03-30T13:58:19.539405Z","level":"info","event":"inventory/inventory_2026-03-11.parquet already exists.","logger":"task.stdout"}
{"timestamp":"2026-03-30T13:58:19.807531Z","level":"info","event":"inventory/inventory_2026-03-12.parquet already exists.","logger":"task.stdout"}
{"timestamp":"2026-03-30T13:58:20.159977Z","level":"info","event":"inventory/inventory_2026-03-13.parquet already exists.","logger":"task.stdout"}
{"timestamp":"2026-03-30T13:58:20.466843Z","level":"info","event":"inventory/inventory_2026-03-14.parquet already exists.","logger":"task.stdout"}
{"timestamp":"2026-03-30T13:58:20.873343Z","level":"info","event":"inventory/inventory_2026-03-15.parquet already exists.","logger":"task.stdout"}
{"timestamp":"2026-03-30T13:58:21.156125Z","level":"info","event":"inventory/inventory_2026-03-16.parquet already exists.","logger":"task.stdout"}
{"timestamp":"2026-03-30T13:58:21.435981Z","level":"info","event":"products/products.parquet already exists.","logger":"task.stdout"}
{"timestamp":"2026-03-30T13:58:21.791743Z","level":"info","event":"shipments/shipments_2026-03-10.parquet already exists.","logger":"task.stdout"}
{"timestamp":"2026-03-30T13:58:22.080579Z","level":"info","event":"shipments/shipments_2026-03-11.parquet already exists.","logger":"task.stdout"}
{"timestamp":"2026-03-30T13:58:22.382859Z","level":"info","event":"shipments/shipments_2026-03-12.parquet already exists.","logger":"task.stdout"}
{"timestamp":"2026-03-30T13:58:22.708511Z","level":"info","event":"shipments/shipments_2026-03-13.parquet already exists.","logger":"task.stdout"}
{"timestamp":"2026-03-30T13:58:22.975058Z","level":"info","event":"shipments/shipments_2026-03-14.parquet already exists.","logger":"task.stdout"}
{"timestamp":"2026-03-30T13:58:23.329186Z","level":"info","event":"shipments/shipments_2026-03-15.parquet already exists.","logger":"task.stdout"}
{"timestamp":"2026-03-30T13:58:23.738313Z","level":"info","event":"shipments/shipments_2026-03-16.parquet already exists.","logger":"task.stdout"}
{"timestamp":"2026-03-30T13:58:24.147807Z","level":"info","event":"suppliers/suppliers.parquet already exists.","logger":"task.stdout"}
{"timestamp":"2026-03-30T13:58:24.455656Z","level":"info","event":"warehouses/warehouses.parquet already exists.","logger":"task.stdout"}
{"timestamp":"2026-03-30T13:58:24.477224Z","level":"info","event":"Done. Returned value was: None","logger":"airflow.task.operators.airflow.providers.standard.operators.python.PythonOperator","filename":"python.py","lineno":215}
