{"timestamp":"2026-03-30T13:58:10.949386Z","level":"info","event":"DAG bundles loaded: dags-folder","logger":"airflow.dag_processing.bundles.manager.DagBundlesManager","filename":"manager.py","lineno":179}
{"timestamp":"2026-03-30T13:58:10.952746Z","level":"info","event":"Filling up the DagBag from /opt/airflow/dags/extract.py","logger":"airflow.models.dagbag.DagBag","filename":"dagbag.py","lineno":593}
{"timestamp":"2026-03-30T13:58:12.563066Z","level":"info","event":"AWS Connection (conn_id='source_conn', conn_type='aws') credentials retrieved from login and password.","logger":"airflow.providers.amazon.aws.utils.connection_wrapper.AwsConnectionWrapper","filename":"connection_wrapper.py","lineno":331}
{"timestamp":"2026-03-30T13:58:15.358924Z","level":"info","event":"AWS Connection (conn_id='dest_conn', conn_type='aws') credentials retrieved from login and password.","logger":"airflow.providers.amazon.aws.utils.connection_wrapper.AwsConnectionWrapper","filename":"connection_wrapper.py","lineno":331}
{"timestamp":"2026-03-30T13:58:19.232260Z","level":"info","event":"inventory/inventory_2026-03-10.parquet already exists.","logger":"task.stdout"}
{"timestamp":"2026-03-30T13:58:19.538731Z","level":"info","event":"inventory/inventory_2026-03-11.parquet already exists.","logger":"task.stdout"}
{"timestamp":"2026-03-30T13:58:19.810516Z","level":"info","event":"inventory/inventory_2026-03-12.parquet already exists.","logger":"task.stdout"}
{"timestamp":"2026-03-30T13:58:20.155929Z","level":"info","event":"inventory/inventory_2026-03-13.parquet already exists.","logger":"task.stdout"}
{"timestamp":"2026-03-30T13:58:20.471363Z","level":"info","event":"inventory/inventory_2026-03-14.parquet already exists.","logger":"task.stdout"}
{"timestamp":"2026-03-30T13:58:20.873778Z","level":"info","event":"inventory/inventory_2026-03-15.parquet already exists.","logger":"task.stdout"}
{"timestamp":"2026-03-30T13:58:21.152002Z","level":"info","event":"inventory/inventory_2026-03-16.parquet already exists.","logger":"task.stdout"}
{"timestamp":"2026-03-30T13:58:21.427878Z","level":"info","event":"products/products.parquet already exists.","logger":"task.stdout"}
{"timestamp":"2026-03-30T13:58:21.791741Z","level":"info","event":"shipments/shipments_2026-03-10.parquet already exists.","logger":"task.stdout"}
{"timestamp":"2026-03-30T13:58:22.064393Z","level":"info","event":"shipments/shipments_2026-03-11.parquet already exists.","logger":"task.stdout"}
{"timestamp":"2026-03-30T13:58:22.383137Z","level":"info","event":"shipments/shipments_2026-03-12.parquet already exists.","logger":"task.stdout"}
{"timestamp":"2026-03-30T13:58:22.706169Z","level":"info","event":"shipments/shipments_2026-03-13.parquet already exists.","logger":"task.stdout"}
{"timestamp":"2026-03-30T13:58:22.978200Z","level":"info","event":"shipments/shipments_2026-03-14.parquet already exists.","logger":"task.stdout"}
{"timestamp":"2026-03-30T13:58:23.329092Z","level":"info","event":"shipments/shipments_2026-03-15.parquet already exists.","logger":"task.stdout"}
{"timestamp":"2026-03-30T13:58:23.737539Z","level":"info","event":"shipments/shipments_2026-03-16.parquet already exists.","logger":"task.stdout"}
{"timestamp":"2026-03-30T13:58:24.146981Z","level":"info","event":"suppliers/suppliers.parquet already exists.","logger":"task.stdout"}
{"timestamp":"2026-03-30T13:58:24.455616Z","level":"info","event":"warehouses/warehouses.parquet already exists.","logger":"task.stdout"}
{"timestamp":"2026-03-30T13:58:24.474668Z","level":"info","event":"Done. Returned value was: None","logger":"airflow.task.operators.airflow.providers.standard.operators.python.PythonOperator","filename":"python.py","lineno":215}
