{"timestamp":"2026-03-30T13:29:40.834321Z","level":"info","event":"DAG bundles loaded: dags-folder","logger":"airflow.dag_processing.bundles.manager.DagBundlesManager","filename":"manager.py","lineno":179}
{"timestamp":"2026-03-30T13:29:40.839927Z","level":"info","event":"Filling up the DagBag from /opt/airflow/dags/extract.py","logger":"airflow.models.dagbag.DagBag","filename":"dagbag.py","lineno":593}
{"timestamp":"2026-03-30T13:29:42.230920Z","level":"warning","event":"Using Variable.get from `airflow.models` is deprecated.Please use `get` on Variable from sdk(`airflow.sdk.Variable`) instead","category":"DeprecationWarning","filename":"/home/airflow/.local/lib/python3.12/site-packages/airflow/models/variable.py","lineno":151,"logger":"py.warnings"}
{"timestamp":"2026-03-30T13:29:46.605948Z","level":"info","event":"AWS Connection (conn_id='dest_conn', conn_type='aws') credentials retrieved from login and password.","logger":"airflow.providers.amazon.aws.utils.connection_wrapper.AwsConnectionWrapper","filename":"connection_wrapper.py","lineno":331}
{"timestamp":"2026-03-30T13:29:51.083136Z","level":"info","event":"Ingesting sales_2026_03_10","logger":"task.stdout"}
{"timestamp":"2026-03-30T13:30:39.424831Z","level":"info","event":"Successfully saved sales_2026_03_10 to store_sales/sales_2026_03_10.parquet","logger":"task.stdout"}
{"timestamp":"2026-03-30T13:30:39.828179Z","level":"info","event":"Ingesting sales_2026_03_11","logger":"task.stdout"}
{"timestamp":"2026-03-30T13:31:33.899715Z","level":"info","event":"Successfully saved sales_2026_03_11 to store_sales/sales_2026_03_11.parquet","logger":"task.stdout"}
{"timestamp":"2026-03-30T13:31:34.201349Z","level":"info","event":"Ingesting sales_2026_03_12","logger":"task.stdout"}
{"timestamp":"2026-03-30T13:32:16.183085Z","level":"info","event":"Successfully saved sales_2026_03_12 to store_sales/sales_2026_03_12.parquet","logger":"task.stdout"}
{"timestamp":"2026-03-30T13:32:16.489440Z","level":"info","event":"Ingesting sales_2026_03_13","logger":"task.stdout"}
{"timestamp":"2026-03-30T13:32:54.383150Z","level":"info","event":"Successfully saved sales_2026_03_13 to store_sales/sales_2026_03_13.parquet","logger":"task.stdout"}
{"timestamp":"2026-03-30T13:32:54.692991Z","level":"info","event":"Ingesting sales_2026_03_14","logger":"task.stdout"}
{"timestamp":"2026-03-30T13:33:48.448743Z","level":"info","event":"Successfully saved sales_2026_03_14 to store_sales/sales_2026_03_14.parquet","logger":"task.stdout"}
{"timestamp":"2026-03-30T13:33:48.753297Z","level":"info","event":"Ingesting sales_2026_03_15","logger":"task.stdout"}
{"timestamp":"2026-03-30T13:34:56.672318Z","level":"info","event":"Successfully saved sales_2026_03_15 to store_sales/sales_2026_03_15.parquet","logger":"task.stdout"}
{"timestamp":"2026-03-30T13:34:56.950037Z","level":"info","event":"Ingesting sales_2026_03_16","logger":"task.stdout"}
{"timestamp":"2026-03-30T13:36:01.987753Z","level":"info","event":"Successfully saved sales_2026_03_16 to store_sales/sales_2026_03_16.parquet","logger":"task.stdout"}
{"timestamp":"2026-03-30T13:36:02.267125Z","level":"info","event":"Ingesting cities_raw","logger":"task.stdout"}
{"timestamp":"2026-03-30T13:36:07.305417Z","level":"info","event":"Successfully saved cities_raw to store_sales/cities_raw.parquet","logger":"task.stdout"}
{"timestamp":"2026-03-30T13:36:07.613181Z","level":"info","event":"Ingesting riders_raw","logger":"task.stdout"}
{"timestamp":"2026-03-30T13:36:12.530881Z","level":"info","event":"Successfully saved riders_raw to store_sales/riders_raw.parquet","logger":"task.stdout"}
{"timestamp":"2026-03-30T13:36:12.936574Z","level":"info","event":"Ingesting drivers_raw","logger":"task.stdout"}
{"timestamp":"2026-03-30T13:36:17.743273Z","level":"info","event":"Successfully saved drivers_raw to store_sales/drivers_raw.parquet","logger":"task.stdout"}
{"timestamp":"2026-03-30T13:36:18.054863Z","level":"info","event":"Ingesting trips_raw","logger":"task.stdout"}
{"timestamp":"2026-03-30T13:36:23.111239Z","level":"info","event":"Successfully saved trips_raw to store_sales/trips_raw.parquet","logger":"task.stdout"}
{"timestamp":"2026-03-30T13:36:23.484019Z","level":"info","event":"Ingesting payments_raw","logger":"task.stdout"}
{"timestamp":"2026-03-30T13:36:29.017298Z","level":"info","event":"Successfully saved payments_raw to store_sales/payments_raw.parquet","logger":"task.stdout"}
{"timestamp":"2026-03-30T13:36:29.423652Z","level":"info","event":"Ingesting driver_status_events_raw","logger":"task.stdout"}
{"timestamp":"2026-03-30T13:36:34.857968Z","level":"info","event":"Successfully saved driver_status_events_raw to store_sales/driver_status_events_raw.parquet","logger":"task.stdout"}
{"timestamp":"2026-03-30T13:36:34.859533Z","level":"info","event":"Done. Returned value was: None","logger":"airflow.task.operators.airflow.providers.standard.operators.python.PythonOperator","filename":"python.py","lineno":215}
